INFO:root: 
INFO:root: 
DEBUG:root:**** STARTING UP ****
INFO:root: 
INFO:root: 
DEBUG:root:**** STARTING UP ****
INFO:root:  Thu Dec 19 10:20:15 2013  
INFO:root:*********************
DEBUG:root:entering get_pos_binary
DEBUG:root:leaving get_pos_binary
DEBUG:root:entering get_pos_binary
DEBUG:root:leaving get_pos_binary
DEBUG:root:entering get_pos_binary
DEBUG:root:leaving get_pos_binary
DEBUG:root:entering get_pos_binary
DEBUG:root:leaving get_pos_binary
DEBUG:root:entering get_pos_binary
DEBUG:root:leaving get_pos_binary
DEBUG:root:entering get_pos_binary
DEBUG:root:leaving get_pos_binary
DEBUG:root:entering get_pos_binary
DEBUG:root:leaving get_pos_binary
DEBUG:root:entering get_pos_binary
DEBUG:root:leaving get_pos_binary
DEBUG:root:entering get_pos_binary
DEBUG:root:leaving get_pos_binary
DEBUG:root:entering get_pos_binary
DEBUG:root:leaving get_pos_binary
